<?xml version="1.0" encoding="UTF-8"?>
<!-- Generated by org.testng.reporters.JUnitReportReporter -->
<testsuite skipped="0" hostname="lpch-ee210491" name="framework.Login" tests="5" failures="0" timestamp="15 Feb 2019 10:45:55 GMT" time="73.823" errors="0">
  <testcase name="LoginTc004" time="15.476" classname="framework.Login"/>
  <testcase name="LoginTc003" time="17.372" classname="framework.Login"/>
  <testcase name="LoginTc001" time="14.241" classname="framework.Login"/>
  <testcase name="LoginTc002" time="13.406" classname="framework.Login"/>
  <testcase name="LoginTc005" time="13.328" classname="framework.Login"/>
</testsuite> <!-- framework.Login -->
