<?xml version="1.0" encoding="UTF-8"?>
<!-- Generated by org.testng.reporters.JUnitReportReporter -->
<testsuite skipped="0" hostname="pcch-divyag" name="zf.test.ZFAssetDetailsTest" tests="2" failures="1" timestamp="28 Mar 2019 11:15:13 GMT" time="332.902" errors="0">
  <testcase name="TC02OperatorHasNoAccessToCreateChildAssets" time="85.271" classname="zf.test.ZFAssetDetailsTest"/>
  <testcase name="TC05ViewExistingAssetDetails" time="247.631" classname="zf.test.ZFAssetDetailsTest">
    <failure type="java.lang.AssertionError" message="Expected value is : SUCCESS      Actual value is : Failed">
      <![CDATA[java.lang.AssertionError: Expected value is : SUCCESS      Actual value is : Failed
at org.testng.Assert.fail(Assert.java:96)
at framework.ExtentReport.compareText(ExtentReport.java:156)
at zf.pages.ZFAssetPage.verifyToastermessage(ZFAssetPage.java:774)
at zf.pages.ZFAssetPage.createAssetstWithAllFeilds(ZFAssetPage.java:328)
at zf.pages.ZFAssetDetailsPage.viewExistingAssetDetails(ZFAssetDetailsPage.java:117)
at zf.test.ZFAssetDetailsTest.TC05ViewExistingAssetDetails(ZFAssetDetailsTest.java:53)
at sun.reflect.NativeMethodAccessorImpl.invoke0(Native Method)
at sun.reflect.NativeMethodAccessorImpl.invoke(Unknown Source)
at sun.reflect.DelegatingMethodAccessorImpl.invoke(Unknown Source)
at java.lang.reflect.Method.invoke(Unknown Source)
at org.testng.internal.MethodInvocationHelper.invokeMethod(MethodInvocationHelper.java:124)
at org.testng.internal.Invoker.invokeMethod(Invoker.java:580)
at org.testng.internal.Invoker.invokeTestMethod(Invoker.java:716)
at org.testng.internal.Invoker.invokeTestMethods(Invoker.java:988)
at org.testng.internal.TestMethodWorker.invokeTestMethods(TestMethodWorker.java:125)
at org.testng.internal.TestMethodWorker.run(TestMethodWorker.java:109)
at org.testng.TestRunner.privateRun(TestRunner.java:648)
at org.testng.TestRunner.run(TestRunner.java:505)
at org.testng.SuiteRunner.runTest(SuiteRunner.java:455)
at org.testng.SuiteRunner.runSequentially(SuiteRunner.java:450)
at org.testng.SuiteRunner.privateRun(SuiteRunner.java:415)
at org.testng.SuiteRunner.run(SuiteRunner.java:364)
at org.testng.SuiteRunnerWorker.runSuite(SuiteRunnerWorker.java:52)
at org.testng.SuiteRunnerWorker.run(SuiteRunnerWorker.java:84)
at org.testng.TestNG.runSuitesSequentially(TestNG.java:1208)
at org.testng.TestNG.runSuitesLocally(TestNG.java:1137)
at org.testng.TestNG.runSuites(TestNG.java:1049)
at org.testng.TestNG.run(TestNG.java:1017)
at org.testng.remote.AbstractRemoteTestNG.run(AbstractRemoteTestNG.java:114)
at org.testng.remote.RemoteTestNG.initAndRun(RemoteTestNG.java:251)
at org.testng.remote.RemoteTestNG.main(RemoteTestNG.java:77)
]]>
    </failure>
  </testcase> <!-- TC05ViewExistingAssetDetails -->
</testsuite> <!-- zf.test.ZFAssetDetailsTest -->
