<?xml version="1.0" encoding="UTF-8"?>
<!-- Generated by org.testng.reporters.JUnitReportReporter -->
<testsuite skipped="0" hostname="pcch-divyag" name="zf.test.ZFClientHomeTest" tests="4" failures="0" timestamp="29 Mar 2019 15:36:01 GMT" time="257.165" errors="0">
  <testcase name="TC02UserInterfaceOfMoreDetails" time="82.305" classname="zf.test.ZFClientHomeTest"/>
  <testcase name="TC04verifyUserInterfaceOfClientDetailsInManageClientpage" time="65.736" classname="zf.test.ZFClientHomeTest"/>
  <testcase name="TC03VerifyAdminUserAbleToViewClientManagementPage" time="53.693" classname="zf.test.ZFClientHomeTest"/>
  <testcase name="TC01UserInterfaceOfMangeClientPage" time="55.431" classname="zf.test.ZFClientHomeTest"/>
</testsuite> <!-- zf.test.ZFClientHomeTest -->
