<?xml version="1.0" encoding="UTF-8"?>
<!-- Generated by org.testng.reporters.JUnitReportReporter -->
<testsuite skipped="0" hostname="pcch-divyag" name="zf.test.ZFClientHomeTest" tests="4" failures="0" timestamp="29 Mar 2019 10:11:27 GMT" time="254.645" errors="0">
  <testcase name="TC01UserInterfaceOfMangeClientPage" time="54.577" classname="zf.test.ZFClientHomeTest"/>
  <testcase name="TC03VerifyAdminUserAbleToViewClientManagementPage" time="54.118" classname="zf.test.ZFClientHomeTest"/>
  <testcase name="TC04verifyUserInterfaceOfClientDetailsInManageClientpage" time="69.830" classname="zf.test.ZFClientHomeTest"/>
  <testcase name="TC02UserInterfaceOfMoreDetails" time="76.120" classname="zf.test.ZFClientHomeTest"/>
</testsuite> <!-- zf.test.ZFClientHomeTest -->
