<?xml version="1.0" encoding="UTF-8"?>
<!-- Generated by org.testng.reporters.JUnitReportReporter -->
<testsuite skipped="0" hostname="pcch-divyag" name="zf.test.main" tests="1" failures="0" timestamp="20 Mar 2019 03:42:52 GMT" time="0.009" errors="0">
  <testcase name="AddSubClientWithAllFeilds" time="0.009" classname="zf.test.main"/>
</testsuite> <!-- zf.test.main -->
