<?xml version="1.0" encoding="UTF-8"?>
<!-- Generated by org.testng.reporters.JUnitReportReporter -->
<testsuite skipped="0" hostname="pcch-divyag" name="zf.test.ZFGatewayHomeTest" tests="25" failures="3" timestamp="29 Mar 2019 10:11:27 GMT" time="2177.791" errors="0">
  <testcase name="TC22EditSingleGateway" time="159.921" classname="zf.test.ZFGatewayHomeTest"/>
  <testcase name="TC15ValidatePrecommissionedGatewayStatus" time="97.577" classname="zf.test.ZFGatewayHomeTest"/>
  <testcase name="TC09UserWithNoPrivilegeCannotAccessGatewayPage" time="40.579" classname="zf.test.ZFGatewayHomeTest"/>
  <testcase name="TC17VerifyClearSelectedOptionsInGatewayStatusSearchDropdown" time="72.762" classname="zf.test.ZFGatewayHomeTest"/>
  <testcase name="TC19VerifyClearDatesFromDatePicker" time="75.081" classname="zf.test.ZFGatewayHomeTest"/>
  <testcase name="TC21verifySearchGatewayDateRange" time="165.489" classname="zf.test.ZFGatewayHomeTest">
    <failure type="java.lang.AssertionError" message="Expected value is : SUCCESS      Actual value is : Failed">
      <![CDATA[java.lang.AssertionError: Expected value is : SUCCESS      Actual value is : Failed
at org.testng.Assert.fail(Assert.java:96)
at framework.ExtentReport.compareText(ExtentReport.java:156)
at zf.pages.ZFAddSingleGatewayPage.verifyToastermessage(ZFAddSingleGatewayPage.java:247)
at zf.pages.ZFAddSingleGatewayPage.addSingleGatewayWithAllValidInputs(ZFAddSingleGatewayPage.java:76)
at zf.test.ZFGatewayHomeTest.TC21verifySearchGatewayDateRange(ZFGatewayHomeTest.java:156)
at sun.reflect.NativeMethodAccessorImpl.invoke0(Native Method)
at sun.reflect.NativeMethodAccessorImpl.invoke(Unknown Source)
at sun.reflect.DelegatingMethodAccessorImpl.invoke(Unknown Source)
at java.lang.reflect.Method.invoke(Unknown Source)
at org.testng.internal.MethodInvocationHelper.invokeMethod(MethodInvocationHelper.java:124)
at org.testng.internal.Invoker.invokeMethod(Invoker.java:580)
at org.testng.internal.Invoker.invokeTestMethod(Invoker.java:716)
at org.testng.internal.Invoker.invokeTestMethods(Invoker.java:988)
at org.testng.internal.TestMethodWorker.invokeTestMethods(TestMethodWorker.java:125)
at org.testng.internal.TestMethodWorker.run(TestMethodWorker.java:109)
at org.testng.TestRunner.privateRun(TestRunner.java:648)
at org.testng.TestRunner.run(TestRunner.java:505)
at org.testng.SuiteRunner.runTest(SuiteRunner.java:455)
at org.testng.SuiteRunner.runSequentially(SuiteRunner.java:450)
at org.testng.SuiteRunner.privateRun(SuiteRunner.java:415)
at org.testng.SuiteRunner.run(SuiteRunner.java:364)
at org.testng.SuiteRunnerWorker.runSuite(SuiteRunnerWorker.java:52)
at org.testng.SuiteRunnerWorker.run(SuiteRunnerWorker.java:84)
at org.testng.TestNG.runSuitesSequentially(TestNG.java:1208)
at org.testng.TestNG.runSuitesLocally(TestNG.java:1137)
at org.testng.TestNG.runSuites(TestNG.java:1049)
at org.testng.TestNG.run(TestNG.java:1017)
at org.testng.remote.AbstractRemoteTestNG.run(AbstractRemoteTestNG.java:114)
at org.testng.remote.RemoteTestNG.initAndRun(RemoteTestNG.java:251)
at org.testng.remote.RemoteTestNG.main(RemoteTestNG.java:77)
]]>
    </failure>
  </testcase> <!-- TC21verifySearchGatewayDateRange -->
  <testcase name="TC02OperatorNoAccessToEdit" time="65.023" classname="zf.test.ZFGatewayHomeTest"/>
  <testcase name="TC07OperatorHasAccessToViewGateway" time="91.555" classname="zf.test.ZFGatewayHomeTest"/>
  <testcase name="TC08UserInterfaceOfAddSoftware" time="96.593" classname="zf.test.ZFGatewayHomeTest"/>
  <testcase name="TC20VerifySearchOptionsSearchDropdown" time="58.941" classname="zf.test.ZFGatewayHomeTest"/>
  <testcase name="TC25VerifyGatewayColumn" time="52.362" classname="zf.test.ZFGatewayHomeTest">
    <failure type="java.lang.AssertionError" message="TIMEOUT EXCEPTION element does not exist after waiting 90 seconds - Gateway">
      <![CDATA[java.lang.AssertionError: TIMEOUT EXCEPTION element does not exist after waiting 90 seconds - Gateway
at org.testng.Assert.fail(Assert.java:96)
at framework.ExtentReport.elementCatch(ExtentReport.java:258)
at framework.ElementManager.elementClick(ElementManager.java:63)
at framework.ElementManager.waitElementVisibleClick(ElementManager.java:701)
at zf.pages.ZFGatewayHomePage.verifyGatewayColumn(ZFGatewayHomePage.java:779)
at zf.test.ZFGatewayHomeTest.TC25VerifyGatewayColumn(ZFGatewayHomeTest.java:185)
at sun.reflect.NativeMethodAccessorImpl.invoke0(Native Method)
at sun.reflect.NativeMethodAccessorImpl.invoke(Unknown Source)
at sun.reflect.DelegatingMethodAccessorImpl.invoke(Unknown Source)
at java.lang.reflect.Method.invoke(Unknown Source)
at org.testng.internal.MethodInvocationHelper.invokeMethod(MethodInvocationHelper.java:124)
at org.testng.internal.Invoker.invokeMethod(Invoker.java:580)
at org.testng.internal.Invoker.invokeTestMethod(Invoker.java:716)
at org.testng.internal.Invoker.invokeTestMethods(Invoker.java:988)
at org.testng.internal.TestMethodWorker.invokeTestMethods(TestMethodWorker.java:125)
at org.testng.internal.TestMethodWorker.run(TestMethodWorker.java:109)
at org.testng.TestRunner.privateRun(TestRunner.java:648)
at org.testng.TestRunner.run(TestRunner.java:505)
at org.testng.SuiteRunner.runTest(SuiteRunner.java:455)
at org.testng.SuiteRunner.runSequentially(SuiteRunner.java:450)
at org.testng.SuiteRunner.privateRun(SuiteRunner.java:415)
at org.testng.SuiteRunner.run(SuiteRunner.java:364)
at org.testng.SuiteRunnerWorker.runSuite(SuiteRunnerWorker.java:52)
at org.testng.SuiteRunnerWorker.run(SuiteRunnerWorker.java:84)
at org.testng.TestNG.runSuitesSequentially(TestNG.java:1208)
at org.testng.TestNG.runSuitesLocally(TestNG.java:1137)
at org.testng.TestNG.runSuites(TestNG.java:1049)
at org.testng.TestNG.run(TestNG.java:1017)
at org.testng.remote.AbstractRemoteTestNG.run(AbstractRemoteTestNG.java:114)
at org.testng.remote.RemoteTestNG.initAndRun(RemoteTestNG.java:251)
at org.testng.remote.RemoteTestNG.main(RemoteTestNG.java:77)
]]>
    </failure>
  </testcase> <!-- TC25VerifyGatewayColumn -->
  <testcase name="TC23DropdownGateway" time="100.926" classname="zf.test.ZFGatewayHomeTest"/>
  <testcase name="TC06DisableAndEnableGateway" time="85.408" classname="zf.test.ZFGatewayHomeTest"/>
  <testcase name="TC18VerifySelectAllOptionInGatewayStatusSearchDropdown" time="92.552" classname="zf.test.ZFGatewayHomeTest"/>
  <testcase name="TC10ManageSoftwareUploadAndInstallInvalidSoftwareName" time="109.382" classname="zf.test.ZFGatewayHomeTest"/>
  <testcase name="TC01OperatorHasNoAccessToAddGateway" time="42.353" classname="zf.test.ZFGatewayHomeTest">
    <failure type="java.lang.AssertionError" message="TIMEOUT EXCEPTION element does not exist after waiting 90 seconds - Gateway">
      <![CDATA[java.lang.AssertionError: TIMEOUT EXCEPTION element does not exist after waiting 90 seconds - Gateway
at org.testng.Assert.fail(Assert.java:96)
at framework.ExtentReport.elementCatch(ExtentReport.java:258)
at framework.ElementManager.elementClick(ElementManager.java:63)
at zf.pages.ZFGatewayHomePage.operatorHasNoAccessToAddGateway(ZFGatewayHomePage.java:260)
at zf.test.ZFGatewayHomeTest.TC01OperatorHasNoAccessToAddGateway(ZFGatewayHomeTest.java:29)
at sun.reflect.NativeMethodAccessorImpl.invoke0(Native Method)
at sun.reflect.NativeMethodAccessorImpl.invoke(Unknown Source)
at sun.reflect.DelegatingMethodAccessorImpl.invoke(Unknown Source)
at java.lang.reflect.Method.invoke(Unknown Source)
at org.testng.internal.MethodInvocationHelper.invokeMethod(MethodInvocationHelper.java:124)
at org.testng.internal.Invoker.invokeMethod(Invoker.java:580)
at org.testng.internal.Invoker.invokeTestMethod(Invoker.java:716)
at org.testng.internal.Invoker.invokeTestMethods(Invoker.java:988)
at org.testng.internal.TestMethodWorker.invokeTestMethods(TestMethodWorker.java:125)
at org.testng.internal.TestMethodWorker.run(TestMethodWorker.java:109)
at org.testng.TestRunner.privateRun(TestRunner.java:648)
at org.testng.TestRunner.run(TestRunner.java:505)
at org.testng.SuiteRunner.runTest(SuiteRunner.java:455)
at org.testng.SuiteRunner.runSequentially(SuiteRunner.java:450)
at org.testng.SuiteRunner.privateRun(SuiteRunner.java:415)
at org.testng.SuiteRunner.run(SuiteRunner.java:364)
at org.testng.SuiteRunnerWorker.runSuite(SuiteRunnerWorker.java:52)
at org.testng.SuiteRunnerWorker.run(SuiteRunnerWorker.java:84)
at org.testng.TestNG.runSuitesSequentially(TestNG.java:1208)
at org.testng.TestNG.runSuitesLocally(TestNG.java:1137)
at org.testng.TestNG.runSuites(TestNG.java:1049)
at org.testng.TestNG.run(TestNG.java:1017)
at org.testng.remote.AbstractRemoteTestNG.run(AbstractRemoteTestNG.java:114)
at org.testng.remote.RemoteTestNG.initAndRun(RemoteTestNG.java:251)
at org.testng.remote.RemoteTestNG.main(RemoteTestNG.java:77)
]]>
    </failure>
  </testcase> <!-- TC01OperatorHasNoAccessToAddGateway -->
  <testcase name="TC11ManageSoftwareUploadAndInstallInvalidSoftwarePackage" time="107.984" classname="zf.test.ZFGatewayHomeTest"/>
  <testcase name="TC13ValidateCommissionedGatewayStatus" time="102.075" classname="zf.test.ZFGatewayHomeTest"/>
  <testcase name="TC03OperatorNoAccessToDisable" time="70.459" classname="zf.test.ZFGatewayHomeTest"/>
  <testcase name="TC05ManageSoftwareInterface" time="86.389" classname="zf.test.ZFGatewayHomeTest"/>
  <testcase name="TC14ValidateDecommissionedGatewayStatus" time="86.357" classname="zf.test.ZFGatewayHomeTest"/>
  <testcase name="TC16verifyDefaultGatewayStatus" time="50.460" classname="zf.test.ZFGatewayHomeTest"/>
  <testcase name="TC24GatewaySortCatagory" time="74.750" classname="zf.test.ZFGatewayHomeTest"/>
  <testcase name="TC12ManageSoftwareAddSoftwareUploadInstallValidUserInputs" time="107.155" classname="zf.test.ZFGatewayHomeTest"/>
  <testcase name="TC04OperatorNoAccessToDecommission" time="85.658" classname="zf.test.ZFGatewayHomeTest"/>
</testsuite> <!-- zf.test.ZFGatewayHomeTest -->
