<?xml version="1.0" encoding="UTF-8"?>
<!-- Generated by org.testng.reporters.JUnitReportReporter -->
<testsuite skipped="0" hostname="pcch-divyag" name="zf.test.ZFClientHomePageTest" tests="2" failures="0" timestamp="18 Mar 2019 22:46:08 GMT" time="321.339" errors="0">
  <testcase name="userInterfaceOfMangeClientPage" time="137.292" classname="zf.test.ZFClientHomePageTest"/>
  <testcase name="userInterfaceOfMoreDetails" time="184.047" classname="zf.test.ZFClientHomePageTest"/>
</testsuite> <!-- zf.test.ZFClientHomePageTest -->
