<?xml version="1.0" encoding="UTF-8"?>
<!-- Generated by org.testng.reporters.JUnitReportReporter -->
<testsuite skipped="0" hostname="pcch-divyag" name="zf.test.ZFClientHomeTest" tests="4" failures="0" timestamp="22 Mar 2019 15:22:29 GMT" time="322.875" errors="0">
  <testcase name="TC04verifyUserInterfaceOfClientDetailsInManageClientpage" time="83.160" classname="zf.test.ZFClientHomeTest"/>
  <testcase name="TC03VerifyAdminUserAbleToViewClientManagementPage" time="64.018" classname="zf.test.ZFClientHomeTest"/>
  <testcase name="TC01UserInterfaceOfMangeClientPage" time="64.051" classname="zf.test.ZFClientHomeTest"/>
  <testcase name="TC02UserInterfaceOfMoreDetails" time="111.646" classname="zf.test.ZFClientHomeTest"/>
</testsuite> <!-- zf.test.ZFClientHomeTest -->
