<?xml version="1.0" encoding="UTF-8"?>
<!-- Generated by org.testng.reporters.JUnitReportReporter -->
<testsuite skipped="0" hostname="pcch-divyag" name="zf.test.ZFAddClientTest" tests="5" failures="0" timestamp="29 Mar 2019 10:11:27 GMT" time="454.599" errors="0">
  <testcase name="Tc05CreateNewSubClientWithWrongTelephoneFormat" time="87.006" classname="zf.test.ZFAddClientTest"/>
  <testcase name="Tc03CreateNewSubClientValidation" time="80.822" classname="zf.test.ZFAddClientTest"/>
  <testcase name="Tc04CreateNewSubClientEamilValidation" time="74.237" classname="zf.test.ZFAddClientTest"/>
  <testcase name="Tc01AddSubClientWithAllFeilds" time="125.019" classname="zf.test.ZFAddClientTest"/>
  <testcase name="Tc02AddSubClientWithMandatoryDetails" time="87.515" classname="zf.test.ZFAddClientTest"/>
</testsuite> <!-- zf.test.ZFAddClientTest -->
