<?xml version="1.0" encoding="UTF-8"?>
<!-- Generated by org.testng.reporters.JUnitReportReporter -->
<testsuite skipped="0" hostname="pcch-divyag" name="zf.test.ZFAssetTest" tests="1" failures="0" timestamp="25 Mar 2019 09:16:29 GMT" time="99.782" errors="0">
  <testcase name="TC13VerifyVehicleAssetstWithMandatoryAutopopulatedMetadataKeys" time="99.782" classname="zf.test.ZFAssetTest"/>
</testsuite> <!-- zf.test.ZFAssetTest -->
