<?xml version="1.0" encoding="UTF-8"?>
<!-- Generated by org.testng.reporters.JUnitReportReporter -->
<testsuite skipped="0" hostname="pcch-divyag" name="zf.test.ZFAssetTest" tests="21" failures="0" timestamp="29 Mar 2019 10:11:27 GMT" time="3859.403" errors="0">
  <testcase name="TC17EditAssetstActions" time="255.839" classname="zf.test.ZFAssetTest"/>
  <testcase name="TC02assetSearch" time="131.608" classname="zf.test.ZFAssetTest"/>
  <testcase name="TC09CreateChildAssettWithAllFeilds" time="394.857" classname="zf.test.ZFAssetTest"/>
  <testcase name="TC14CreateAssetWithoutMandatoryInput" time="121.572" classname="zf.test.ZFAssetTest"/>
  <testcase name="TC11CreateAssetstWithMandatoryAutopopulatedMetadataKeys" time="220.110" classname="zf.test.ZFAssetTest"/>
  <testcase name="TC06CreateAssetstWithAllFeilds" time="213.175" classname="zf.test.ZFAssetTest"/>
  <testcase name="TC05clearAllFilter" time="122.482" classname="zf.test.ZFAssetTest"/>
  <testcase name="TC10CreateAssetstWithAllAutopopulatedMetadataKeys" time="226.510" classname="zf.test.ZFAssetTest"/>
  <testcase name="TC03assetAdvancedSearch" time="157.614" classname="zf.test.ZFAssetTest"/>
  <testcase name="TC12FieldValidationsMandatoryFieldVin" time="242.723" classname="zf.test.ZFAssetTest"/>
  <testcase name="TC15ExecuteActionWithoutParamater" time="282.488" classname="zf.test.ZFAssetTest"/>
  <testcase name="TC01assetPageValidation" time="69.533" classname="zf.test.ZFAssetTest"/>
  <testcase name="TC16ExecuteActionWithParamater" time="285.264" classname="zf.test.ZFAssetTest"/>
  <testcase name="TC20UserWithNoPrivilegeCannotAccessAssetsPage" time="40.733" classname="zf.test.ZFAssetTest"/>
  <testcase name="TC21SortAssetsInAssetsHomepage" time="175.124" classname="zf.test.ZFAssetTest"/>
  <testcase name="TC13VerifyVehicleAssetstWithMandatoryAutopopulatedMetadataKeys" time="136.514" classname="zf.test.ZFAssetTest"/>
  <testcase name="TC08editExistAssetDetails" time="126.879" classname="zf.test.ZFAssetTest"/>
  <testcase name="TC18VerifyAssetActionsUI" time="86.985" classname="zf.test.ZFAssetTest"/>
  <testcase name="TC04clearAllFilter" time="240.238" classname="zf.test.ZFAssetTest"/>
  <testcase name="TC19OperatorHasNoAccessToCreateAsset" time="73.244" classname="zf.test.ZFAssetTest"/>
  <testcase name="TC07CreateAssetstWithActions" time="255.911" classname="zf.test.ZFAssetTest"/>
</testsuite> <!-- zf.test.ZFAssetTest -->
