<?xml version="1.0" encoding="UTF-8"?>
<!-- Generated by org.testng.reporters.JUnitReportReporter -->
<testsuite skipped="0" hostname="pcch-divyag" name="zf.test.ZFAddMultipleGatewayTest" tests="2" failures="0" timestamp="29 Mar 2019 11:59:47 GMT" time="535.305" errors="0">
  <testcase name="Tc03AddMultipleGatewayWithNewEnrollmentGroupWithIntermediateUploadCertificate" time="105.628" classname="zf.test.ZFAddMultipleGatewayTest"/>
  <testcase name="Tc01AddMultipleGatewayWithNewEnrollmentGroupWithRootUploadCertificate" time="429.677" classname="zf.test.ZFAddMultipleGatewayTest"/>
</testsuite> <!-- zf.test.ZFAddMultipleGatewayTest -->
