<?xml version="1.0" encoding="UTF-8"?>
<!-- Generated by org.testng.reporters.JUnitReportReporter -->
<testsuite skipped="0" hostname="pcch-divyag" name="zf.test.ZFAddClientTest" tests="5" failures="4" timestamp="22 Mar 2019 15:22:29 GMT" time="528.170" errors="0">
  <testcase name="Tc04CreateNewSubClientWithWrongTelephoneFormat" time="95.281" classname="zf.test.ZFAddClientTest">
    <failure type="java.lang.AssertionError" message="TIMEOUT EXCEPTION element does not exist after waiting 90 seconds - sendkeys is not working">
      <![CDATA[java.lang.AssertionError: TIMEOUT EXCEPTION element does not exist after waiting 90 seconds - sendkeys is not working
at org.testng.Assert.fail(Assert.java:96)
at framework.ExtentReport.elementCatch(ExtentReport.java:234)
at framework.ElementManager.elementSendKeys(ElementManager.java:121)
at zf.pages.ZFAddClientPage.CreateNewSubClientWithWrongTelephoneFormat(ZFAddClientPage.java:159)
at zf.pages.ZFClientHomePage.verifyCreateNewSubClientWithWrongTelephoneFormat(ZFClientHomePage.java:168)
at zf.test.ZFAddClientTest.Tc04CreateNewSubClientWithWrongTelephoneFormat(ZFAddClientTest.java:50)
at sun.reflect.NativeMethodAccessorImpl.invoke0(Native Method)
at sun.reflect.NativeMethodAccessorImpl.invoke(Unknown Source)
at sun.reflect.DelegatingMethodAccessorImpl.invoke(Unknown Source)
at java.lang.reflect.Method.invoke(Unknown Source)
at org.testng.internal.MethodInvocationHelper.invokeMethod(MethodInvocationHelper.java:124)
at org.testng.internal.Invoker.invokeMethod(Invoker.java:580)
at org.testng.internal.Invoker.invokeTestMethod(Invoker.java:716)
at org.testng.internal.Invoker.invokeTestMethods(Invoker.java:988)
at org.testng.internal.TestMethodWorker.invokeTestMethods(TestMethodWorker.java:125)
at org.testng.internal.TestMethodWorker.run(TestMethodWorker.java:109)
at org.testng.TestRunner.privateRun(TestRunner.java:648)
at org.testng.TestRunner.run(TestRunner.java:505)
at org.testng.SuiteRunner.runTest(SuiteRunner.java:455)
at org.testng.SuiteRunner.runSequentially(SuiteRunner.java:450)
at org.testng.SuiteRunner.privateRun(SuiteRunner.java:415)
at org.testng.SuiteRunner.run(SuiteRunner.java:364)
at org.testng.SuiteRunnerWorker.runSuite(SuiteRunnerWorker.java:52)
at org.testng.SuiteRunnerWorker.run(SuiteRunnerWorker.java:84)
at org.testng.TestNG.runSuitesSequentially(TestNG.java:1208)
at org.testng.TestNG.runSuitesLocally(TestNG.java:1137)
at org.testng.TestNG.runSuites(TestNG.java:1049)
at org.testng.TestNG.run(TestNG.java:1017)
at org.testng.remote.AbstractRemoteTestNG.run(AbstractRemoteTestNG.java:114)
at org.testng.remote.RemoteTestNG.initAndRun(RemoteTestNG.java:251)
at org.testng.remote.RemoteTestNG.main(RemoteTestNG.java:77)
]]>
    </failure>
  </testcase> <!-- Tc04CreateNewSubClientWithWrongTelephoneFormat -->
  <testcase name="Tc02AddSubClientWithMandatoryDetails" time="127.584" classname="zf.test.ZFAddClientTest"/>
  <testcase name="Tc03CreateNewSubClientValidation" time="94.266" classname="zf.test.ZFAddClientTest">
    <failure type="java.lang.AssertionError" message="TIMEOUT EXCEPTION element does not exist after waiting 90 seconds - sendkeys is not working">
      <![CDATA[java.lang.AssertionError: TIMEOUT EXCEPTION element does not exist after waiting 90 seconds - sendkeys is not working
at org.testng.Assert.fail(Assert.java:96)
at framework.ExtentReport.elementCatch(ExtentReport.java:234)
at framework.ElementManager.elementSendKeys(ElementManager.java:121)
at zf.pages.ZFAddClientPage.createNewSubClientNameValidation(ZFAddClientPage.java:96)
at zf.pages.ZFClientHomePage.verifyCreateNewSubClientValidation(ZFClientHomePage.java:155)
at zf.test.ZFAddClientTest.Tc03CreateNewSubClientValidation(ZFAddClientTest.java:38)
at sun.reflect.NativeMethodAccessorImpl.invoke0(Native Method)
at sun.reflect.NativeMethodAccessorImpl.invoke(Unknown Source)
at sun.reflect.DelegatingMethodAccessorImpl.invoke(Unknown Source)
at java.lang.reflect.Method.invoke(Unknown Source)
at org.testng.internal.MethodInvocationHelper.invokeMethod(MethodInvocationHelper.java:124)
at org.testng.internal.Invoker.invokeMethod(Invoker.java:580)
at org.testng.internal.Invoker.invokeTestMethod(Invoker.java:716)
at org.testng.internal.Invoker.invokeTestMethods(Invoker.java:988)
at org.testng.internal.TestMethodWorker.invokeTestMethods(TestMethodWorker.java:125)
at org.testng.internal.TestMethodWorker.run(TestMethodWorker.java:109)
at org.testng.TestRunner.privateRun(TestRunner.java:648)
at org.testng.TestRunner.run(TestRunner.java:505)
at org.testng.SuiteRunner.runTest(SuiteRunner.java:455)
at org.testng.SuiteRunner.runSequentially(SuiteRunner.java:450)
at org.testng.SuiteRunner.privateRun(SuiteRunner.java:415)
at org.testng.SuiteRunner.run(SuiteRunner.java:364)
at org.testng.SuiteRunnerWorker.runSuite(SuiteRunnerWorker.java:52)
at org.testng.SuiteRunnerWorker.run(SuiteRunnerWorker.java:84)
at org.testng.TestNG.runSuitesSequentially(TestNG.java:1208)
at org.testng.TestNG.runSuitesLocally(TestNG.java:1137)
at org.testng.TestNG.runSuites(TestNG.java:1049)
at org.testng.TestNG.run(TestNG.java:1017)
at org.testng.remote.AbstractRemoteTestNG.run(AbstractRemoteTestNG.java:114)
at org.testng.remote.RemoteTestNG.initAndRun(RemoteTestNG.java:251)
at org.testng.remote.RemoteTestNG.main(RemoteTestNG.java:77)
]]>
    </failure>
  </testcase> <!-- Tc03CreateNewSubClientValidation -->
  <testcase name="Tc04CreateNewSubClientEamilValidation" time="96.242" classname="zf.test.ZFAddClientTest">
    <failure type="java.lang.AssertionError" message="TIMEOUT EXCEPTION element does not exist after waiting 90 seconds - sendkeys is not working">
      <![CDATA[java.lang.AssertionError: TIMEOUT EXCEPTION element does not exist after waiting 90 seconds - sendkeys is not working
at org.testng.Assert.fail(Assert.java:96)
at framework.ExtentReport.elementCatch(ExtentReport.java:234)
at framework.ElementManager.elementSendKeys(ElementManager.java:121)
at zf.pages.ZFAddClientPage.createNewSubClientEmailValidation(ZFAddClientPage.java:133)
at zf.pages.ZFClientHomePage.verifyCreateNewSubClientEmailValidation(ZFClientHomePage.java:161)
at zf.test.ZFAddClientTest.Tc04CreateNewSubClientEamilValidation(ZFAddClientTest.java:44)
at sun.reflect.NativeMethodAccessorImpl.invoke0(Native Method)
at sun.reflect.NativeMethodAccessorImpl.invoke(Unknown Source)
at sun.reflect.DelegatingMethodAccessorImpl.invoke(Unknown Source)
at java.lang.reflect.Method.invoke(Unknown Source)
at org.testng.internal.MethodInvocationHelper.invokeMethod(MethodInvocationHelper.java:124)
at org.testng.internal.Invoker.invokeMethod(Invoker.java:580)
at org.testng.internal.Invoker.invokeTestMethod(Invoker.java:716)
at org.testng.internal.Invoker.invokeTestMethods(Invoker.java:988)
at org.testng.internal.TestMethodWorker.invokeTestMethods(TestMethodWorker.java:125)
at org.testng.internal.TestMethodWorker.run(TestMethodWorker.java:109)
at org.testng.TestRunner.privateRun(TestRunner.java:648)
at org.testng.TestRunner.run(TestRunner.java:505)
at org.testng.SuiteRunner.runTest(SuiteRunner.java:455)
at org.testng.SuiteRunner.runSequentially(SuiteRunner.java:450)
at org.testng.SuiteRunner.privateRun(SuiteRunner.java:415)
at org.testng.SuiteRunner.run(SuiteRunner.java:364)
at org.testng.SuiteRunnerWorker.runSuite(SuiteRunnerWorker.java:52)
at org.testng.SuiteRunnerWorker.run(SuiteRunnerWorker.java:84)
at org.testng.TestNG.runSuitesSequentially(TestNG.java:1208)
at org.testng.TestNG.runSuitesLocally(TestNG.java:1137)
at org.testng.TestNG.runSuites(TestNG.java:1049)
at org.testng.TestNG.run(TestNG.java:1017)
at org.testng.remote.AbstractRemoteTestNG.run(AbstractRemoteTestNG.java:114)
at org.testng.remote.RemoteTestNG.initAndRun(RemoteTestNG.java:251)
at org.testng.remote.RemoteTestNG.main(RemoteTestNG.java:77)
]]>
    </failure>
  </testcase> <!-- Tc04CreateNewSubClientEamilValidation -->
  <testcase name="Tc01AddSubClientWithAllFeilds" time="114.797" classname="zf.test.ZFAddClientTest">
    <failure type="java.lang.AssertionError" message="TIMEOUT EXCEPTION element does not exist after waiting 90 seconds - sendkeys is not working">
      <![CDATA[java.lang.AssertionError: TIMEOUT EXCEPTION element does not exist after waiting 90 seconds - sendkeys is not working
at org.testng.Assert.fail(Assert.java:96)
at framework.ExtentReport.elementCatch(ExtentReport.java:234)
at framework.ElementManager.elementSendKeys(ElementManager.java:121)
at zf.pages.ZFAddClientPage.addSubClient(ZFAddClientPage.java:51)
at zf.pages.ZFClientHomePage.AddSubClient(ZFClientHomePage.java:59)
at zf.test.ZFAddClientTest.Tc01AddSubClientWithAllFeilds(ZFAddClientTest.java:27)
at sun.reflect.NativeMethodAccessorImpl.invoke0(Native Method)
at sun.reflect.NativeMethodAccessorImpl.invoke(Unknown Source)
at sun.reflect.DelegatingMethodAccessorImpl.invoke(Unknown Source)
at java.lang.reflect.Method.invoke(Unknown Source)
at org.testng.internal.MethodInvocationHelper.invokeMethod(MethodInvocationHelper.java:124)
at org.testng.internal.Invoker.invokeMethod(Invoker.java:580)
at org.testng.internal.Invoker.invokeTestMethod(Invoker.java:716)
at org.testng.internal.Invoker.invokeTestMethods(Invoker.java:988)
at org.testng.internal.TestMethodWorker.invokeTestMethods(TestMethodWorker.java:125)
at org.testng.internal.TestMethodWorker.run(TestMethodWorker.java:109)
at org.testng.TestRunner.privateRun(TestRunner.java:648)
at org.testng.TestRunner.run(TestRunner.java:505)
at org.testng.SuiteRunner.runTest(SuiteRunner.java:455)
at org.testng.SuiteRunner.runSequentially(SuiteRunner.java:450)
at org.testng.SuiteRunner.privateRun(SuiteRunner.java:415)
at org.testng.SuiteRunner.run(SuiteRunner.java:364)
at org.testng.SuiteRunnerWorker.runSuite(SuiteRunnerWorker.java:52)
at org.testng.SuiteRunnerWorker.run(SuiteRunnerWorker.java:84)
at org.testng.TestNG.runSuitesSequentially(TestNG.java:1208)
at org.testng.TestNG.runSuitesLocally(TestNG.java:1137)
at org.testng.TestNG.runSuites(TestNG.java:1049)
at org.testng.TestNG.run(TestNG.java:1017)
at org.testng.remote.AbstractRemoteTestNG.run(AbstractRemoteTestNG.java:114)
at org.testng.remote.RemoteTestNG.initAndRun(RemoteTestNG.java:251)
at org.testng.remote.RemoteTestNG.main(RemoteTestNG.java:77)
]]>
    </failure>
  </testcase> <!-- Tc01AddSubClientWithAllFeilds -->
</testsuite> <!-- zf.test.ZFAddClientTest -->
