<?xml version="1.0" encoding="UTF-8"?>
<!-- Generated by org.testng.reporters.JUnitReportReporter -->
<testsuite skipped="0" hostname="pcch-divyag" name="zf.test.ZFAssetTest" tests="21" failures="3" timestamp="29 Mar 2019 15:36:01 GMT" time="3839.703" errors="0">
  <testcase name="TC09CreateChildAssettWithAllFeilds" time="403.510" classname="zf.test.ZFAssetTest"/>
  <testcase name="TC05clearAllFilter" time="122.364" classname="zf.test.ZFAssetTest"/>
  <testcase name="TC02assetSearch" time="131.673" classname="zf.test.ZFAssetTest"/>
  <testcase name="TC07CreateAssetstWithActions" time="257.106" classname="zf.test.ZFAssetTest"/>
  <testcase name="TC16ExecuteActionWithParamater" time="305.880" classname="zf.test.ZFAssetTest"/>
  <testcase name="TC13VerifyVehicleAssetstWithMandatoryAutopopulatedMetadataKeys" time="143.711" classname="zf.test.ZFAssetTest"/>
  <testcase name="TC06CreateAssetstWithAllFeilds" time="250.422" classname="zf.test.ZFAssetTest">
    <failure type="java.lang.AssertionError" message="Expected value is : SUCCESS      Actual value is : Failed">
      <![CDATA[java.lang.AssertionError: Expected value is : SUCCESS      Actual value is : Failed
at org.testng.Assert.fail(Assert.java:96)
at framework.ExtentReport.compareText(ExtentReport.java:156)
at zf.pages.ZFAssetPage.verifyToastermessage(ZFAssetPage.java:774)
at zf.pages.ZFAssetPage.createAssetstWithAllFeilds(ZFAssetPage.java:328)
at zf.test.ZFAssetTest.TC06CreateAssetstWithAllFeilds(ZFAssetTest.java:50)
at sun.reflect.NativeMethodAccessorImpl.invoke0(Native Method)
at sun.reflect.NativeMethodAccessorImpl.invoke(Unknown Source)
at sun.reflect.DelegatingMethodAccessorImpl.invoke(Unknown Source)
at java.lang.reflect.Method.invoke(Unknown Source)
at org.testng.internal.MethodInvocationHelper.invokeMethod(MethodInvocationHelper.java:124)
at org.testng.internal.Invoker.invokeMethod(Invoker.java:580)
at org.testng.internal.Invoker.invokeTestMethod(Invoker.java:716)
at org.testng.internal.Invoker.invokeTestMethods(Invoker.java:988)
at org.testng.internal.TestMethodWorker.invokeTestMethods(TestMethodWorker.java:125)
at org.testng.internal.TestMethodWorker.run(TestMethodWorker.java:109)
at org.testng.TestRunner.privateRun(TestRunner.java:648)
at org.testng.TestRunner.run(TestRunner.java:505)
at org.testng.SuiteRunner.runTest(SuiteRunner.java:455)
at org.testng.SuiteRunner.runSequentially(SuiteRunner.java:450)
at org.testng.SuiteRunner.privateRun(SuiteRunner.java:415)
at org.testng.SuiteRunner.run(SuiteRunner.java:364)
at org.testng.SuiteRunnerWorker.runSuite(SuiteRunnerWorker.java:52)
at org.testng.SuiteRunnerWorker.run(SuiteRunnerWorker.java:84)
at org.testng.TestNG.runSuitesSequentially(TestNG.java:1208)
at org.testng.TestNG.runSuitesLocally(TestNG.java:1137)
at org.testng.TestNG.runSuites(TestNG.java:1049)
at org.testng.TestNG.run(TestNG.java:1017)
at org.testng.remote.AbstractRemoteTestNG.run(AbstractRemoteTestNG.java:114)
at org.testng.remote.RemoteTestNG.initAndRun(RemoteTestNG.java:251)
at org.testng.remote.RemoteTestNG.main(RemoteTestNG.java:77)
]]>
    </failure>
  </testcase> <!-- TC06CreateAssetstWithAllFeilds -->
  <testcase name="TC15ExecuteActionWithoutParamater" time="295.385" classname="zf.test.ZFAssetTest"/>
  <testcase name="TC04clearAllFilter" time="246.823" classname="zf.test.ZFAssetTest"/>
  <testcase name="TC12FieldValidationsMandatoryFieldVin" time="254.985" classname="zf.test.ZFAssetTest"/>
  <testcase name="TC03assetAdvancedSearch" time="154.602" classname="zf.test.ZFAssetTest"/>
  <testcase name="TC11CreateAssetstWithMandatoryAutopopulatedMetadataKeys" time="224.245" classname="zf.test.ZFAssetTest"/>
  <testcase name="TC01assetPageValidation" time="72.882" classname="zf.test.ZFAssetTest"/>
  <testcase name="TC08editExistAssetDetails" time="92.938" classname="zf.test.ZFAssetTest">
    <failure type="java.lang.AssertionError" message="TIMEOUT EXCEPTION element does not exist after waiting 90 seconds - Element not found">
      <![CDATA[java.lang.AssertionError: TIMEOUT EXCEPTION element does not exist after waiting 90 seconds - Element not found
at org.testng.Assert.fail(Assert.java:96)
at framework.ExtentReport.elementCatch(ExtentReport.java:254)
at framework.ElementManager.elementClick(ElementManager.java:63)
at framework.ElementManager.waitElementVisibleClick(ElementManager.java:703)
at zf.pages.ZFAssetPage.editExistAssetDetails(ZFAssetPage.java:682)
at zf.test.ZFAssetTest.TC08editExistAssetDetails(ZFAssetTest.java:62)
at sun.reflect.NativeMethodAccessorImpl.invoke0(Native Method)
at sun.reflect.NativeMethodAccessorImpl.invoke(Unknown Source)
at sun.reflect.DelegatingMethodAccessorImpl.invoke(Unknown Source)
at java.lang.reflect.Method.invoke(Unknown Source)
at org.testng.internal.MethodInvocationHelper.invokeMethod(MethodInvocationHelper.java:124)
at org.testng.internal.Invoker.invokeMethod(Invoker.java:580)
at org.testng.internal.Invoker.invokeTestMethod(Invoker.java:716)
at org.testng.internal.Invoker.invokeTestMethods(Invoker.java:988)
at org.testng.internal.TestMethodWorker.invokeTestMethods(TestMethodWorker.java:125)
at org.testng.internal.TestMethodWorker.run(TestMethodWorker.java:109)
at org.testng.TestRunner.privateRun(TestRunner.java:648)
at org.testng.TestRunner.run(TestRunner.java:505)
at org.testng.SuiteRunner.runTest(SuiteRunner.java:455)
at org.testng.SuiteRunner.runSequentially(SuiteRunner.java:450)
at org.testng.SuiteRunner.privateRun(SuiteRunner.java:415)
at org.testng.SuiteRunner.run(SuiteRunner.java:364)
at org.testng.SuiteRunnerWorker.runSuite(SuiteRunnerWorker.java:52)
at org.testng.SuiteRunnerWorker.run(SuiteRunnerWorker.java:84)
at org.testng.TestNG.runSuitesSequentially(TestNG.java:1208)
at org.testng.TestNG.runSuitesLocally(TestNG.java:1137)
at org.testng.TestNG.runSuites(TestNG.java:1049)
at org.testng.TestNG.run(TestNG.java:1017)
at org.testng.remote.AbstractRemoteTestNG.run(AbstractRemoteTestNG.java:114)
at org.testng.remote.RemoteTestNG.initAndRun(RemoteTestNG.java:251)
at org.testng.remote.RemoteTestNG.main(RemoteTestNG.java:77)
]]>
    </failure>
  </testcase> <!-- TC08editExistAssetDetails -->
  <testcase name="TC19OperatorHasNoAccessToCreateAsset" time="71.069" classname="zf.test.ZFAssetTest"/>
  <testcase name="TC20UserWithNoPrivilegeCannotAccessAssetsPage" time="47.280" classname="zf.test.ZFAssetTest"/>
  <testcase name="TC14CreateAssetWithoutMandatoryInput" time="126.226" classname="zf.test.ZFAssetTest"/>
  <testcase name="TC10CreateAssetstWithAllAutopopulatedMetadataKeys" time="239.527" classname="zf.test.ZFAssetTest"/>
  <testcase name="TC17EditAssetstActions" time="254.899" classname="zf.test.ZFAssetTest"/>
  <testcase name="TC21SortAssetsInAssetsHomepage" time="57.920" classname="zf.test.ZFAssetTest">
    <failure type="java.lang.AssertionError" message="TIMEOUT EXCEPTION element does not exist after waiting 90 seconds - Area">
      <![CDATA[java.lang.AssertionError: TIMEOUT EXCEPTION element does not exist after waiting 90 seconds - Area
at org.testng.Assert.fail(Assert.java:96)
at framework.ExtentReport.elementCatch(ExtentReport.java:258)
at framework.ElementManager.elementClick(ElementManager.java:63)
at zf.pages.ZFAssetPage.assetSortingDropDownNavigation(ZFAssetPage.java:868)
at zf.pages.ZFAssetPage.SortAssetsInAssetsHomepage(ZFAssetPage.java:855)
at zf.test.ZFAssetTest.TC21SortAssetsInAssetsHomepage(ZFAssetTest.java:139)
at sun.reflect.NativeMethodAccessorImpl.invoke0(Native Method)
at sun.reflect.NativeMethodAccessorImpl.invoke(Unknown Source)
at sun.reflect.DelegatingMethodAccessorImpl.invoke(Unknown Source)
at java.lang.reflect.Method.invoke(Unknown Source)
at org.testng.internal.MethodInvocationHelper.invokeMethod(MethodInvocationHelper.java:124)
at org.testng.internal.Invoker.invokeMethod(Invoker.java:580)
at org.testng.internal.Invoker.invokeTestMethod(Invoker.java:716)
at org.testng.internal.Invoker.invokeTestMethods(Invoker.java:988)
at org.testng.internal.TestMethodWorker.invokeTestMethods(TestMethodWorker.java:125)
at org.testng.internal.TestMethodWorker.run(TestMethodWorker.java:109)
at org.testng.TestRunner.privateRun(TestRunner.java:648)
at org.testng.TestRunner.run(TestRunner.java:505)
at org.testng.SuiteRunner.runTest(SuiteRunner.java:455)
at org.testng.SuiteRunner.runSequentially(SuiteRunner.java:450)
at org.testng.SuiteRunner.privateRun(SuiteRunner.java:415)
at org.testng.SuiteRunner.run(SuiteRunner.java:364)
at org.testng.SuiteRunnerWorker.runSuite(SuiteRunnerWorker.java:52)
at org.testng.SuiteRunnerWorker.run(SuiteRunnerWorker.java:84)
at org.testng.TestNG.runSuitesSequentially(TestNG.java:1208)
at org.testng.TestNG.runSuitesLocally(TestNG.java:1137)
at org.testng.TestNG.runSuites(TestNG.java:1049)
at org.testng.TestNG.run(TestNG.java:1017)
at org.testng.remote.AbstractRemoteTestNG.run(AbstractRemoteTestNG.java:114)
at org.testng.remote.RemoteTestNG.initAndRun(RemoteTestNG.java:251)
at org.testng.remote.RemoteTestNG.main(RemoteTestNG.java:77)
]]>
    </failure>
  </testcase> <!-- TC21SortAssetsInAssetsHomepage -->
  <testcase name="TC18VerifyAssetActionsUI" time="86.256" classname="zf.test.ZFAssetTest"/>
</testsuite> <!-- zf.test.ZFAssetTest -->
