<?xml version="1.0" encoding="UTF-8"?>
<!-- Generated by org.testng.reporters.JUnitReportReporter -->
<testsuite skipped="0" hostname="pcch-divyag" name="zf.test.ZFAssetDetailsTest" tests="5" failures="0" timestamp="29 Mar 2019 10:11:27 GMT" time="607.788" errors="0">
  <testcase name="TC04operatorAccessToViewAssetDetails" time="75.240" classname="zf.test.ZFAssetDetailsTest"/>
  <testcase name="TC02OperatorHasNoAccessToCreateChildAssets" time="93.595" classname="zf.test.ZFAssetDetailsTest"/>
  <testcase name="TC03OperatorHasNoAccessToCreateChildAssets" time="91.183" classname="zf.test.ZFAssetDetailsTest"/>
  <testcase name="TC05ViewExistingAssetDetails" time="255.986" classname="zf.test.ZFAssetDetailsTest"/>
  <testcase name="TC01OperatorHasNoAccessToEditAssetDetails" time="91.784" classname="zf.test.ZFAssetDetailsTest"/>
</testsuite> <!-- zf.test.ZFAssetDetailsTest -->
