<?xml version="1.0" encoding="UTF-8"?>
<!-- Generated by org.testng.reporters.JUnitReportReporter -->
<testsuite skipped="0" hostname="pcch-divyag" name="zf.test.ZFAddClientTest" tests="5" failures="0" timestamp="28 Mar 2019 09:42:30 GMT" time="419.408" errors="0">
  <testcase name="Tc02AddSubClientWithMandatoryDetails" time="84.668" classname="zf.test.ZFAddClientTest"/>
  <testcase name="Tc03CreateNewSubClientValidation" time="75.472" classname="zf.test.ZFAddClientTest"/>
  <testcase name="Tc05CreateNewSubClientWithWrongTelephoneFormat" time="75.623" classname="zf.test.ZFAddClientTest"/>
  <testcase name="Tc04CreateNewSubClientEamilValidation" time="70.366" classname="zf.test.ZFAddClientTest"/>
  <testcase name="Tc01AddSubClientWithAllFeilds" time="113.279" classname="zf.test.ZFAddClientTest"/>
</testsuite> <!-- zf.test.ZFAddClientTest -->
